<?xml version="1.0" encoding="UTF-8"?>
<!-- Generated by org.testng.reporters.JUnitXMLReporter -->
<testsuite hostname="ENIAC" ignored="0" name="Maven_Selenium_Automation" tests="1" failures="0" timestamp="19 May 2018 17:19:37 GMT" time="0.125" errors="0">
  <testcase name="@BeforeMethod openBrowser" time="0.0" classname="day12_XMLSuite_05192018.Parallel_Testing">
    <failure type="org.testng.TestNGException" message="
Parameter &amp;apos;Browser&amp;apos; is required by BeforeMethod on method openBrowser but has not been marked @Optional or defined
in C:\Users\Mohammed Sujon\.IdeaIC2017.2\system\temp-testng-customsuite.xml">
      <![CDATA[org.testng.TestNGException: 
Parameter 'Browser' is required by BeforeMethod on method openBrowser but has not been marked @Optional or defined
in C:\Users\Mohammed Sujon\.IdeaIC2017.2\system\temp-testng-customsuite.xml
... Removed 24 stack frames]]>
    </failure>
  </testcase> <!-- @BeforeMethod openBrowser -->
  <testcase name="@AfterMethod closeBrowser" time="0.0" classname="day12_XMLSuite_05192018.Parallel_Testing">
    <skipped/>
  </testcase> <!-- @AfterMethod closeBrowser -->
  <testcase name="testScenario" time="0.0" classname="day12_XMLSuite_05192018.Parallel_Testing">
    <skipped/>
  </testcase> <!-- testScenario -->
</testsuite> <!-- Maven_Selenium_Automation -->
